TN:
SF:/Users/hsomani/githubProjects/zionjs/index.js
FN:46,configureMiddleware
FN:61,configureRoutes
FN:76,(anonymous_3)
FN:85,setupSSLOptions
FN:104,startServer
FN:148,(anonymous_6)
FNF:6
FNH:5
FNDA:4,configureMiddleware
FNDA:4,configureRoutes
FNDA:8,(anonymous_3)
FNDA:0,setupSSLOptions
FNDA:4,startServer
FNDA:4,(anonymous_6)
DA:11,1
DA:13,1
DA:14,1
DA:15,1
DA:17,1
DA:19,1
DA:21,1
DA:22,0
DA:23,0
DA:25,0
DA:28,1
DA:29,1
DA:30,1
DA:31,1
DA:32,1
DA:33,1
DA:34,1
DA:35,1
DA:36,1
DA:37,1
DA:38,1
DA:39,1
DA:40,1
DA:41,1
DA:42,1
DA:43,1
DA:44,1
DA:46,1
DA:48,4
DA:50,4
DA:51,4
DA:53,4
DA:54,4
DA:55,4
DA:56,4
DA:57,4
DA:58,4
DA:61,1
DA:62,4
DA:63,4
DA:64,4
DA:65,0
DA:66,0
DA:69,4
DA:70,4
DA:71,4
DA:73,4
DA:74,4
DA:76,4
DA:77,8
DA:78,8
DA:81,4
DA:85,1
DA:86,0
DA:89,0
DA:90,0
DA:92,0
DA:93,0
DA:95,0
DA:102,0
DA:104,1
DA:105,4
DA:106,4
DA:107,4
DA:108,4
DA:109,4
DA:110,0
DA:112,4
DA:113,4
DA:116,4
DA:117,0
DA:118,0
DA:123,4
DA:124,4
DA:127,4
DA:129,4
DA:130,4
DA:133,4
DA:134,4
DA:135,4
DA:138,4
DA:140,0
DA:142,4
DA:144,4
DA:145,4
DA:148,4
DA:149,4
DA:151,4
DA:154,1
DA:155,1
DA:156,1
DA:157,1
DA:158,1
DA:159,1
DA:160,1
DA:161,1
DA:162,1
DA:163,1
DA:164,1
DA:165,1
LF:100
LH:84
BRDA:21,1,0,0
BRDA:21,1,1,1
BRDA:22,2,0,0
BRDA:22,2,1,0
BRDA:64,3,0,0
BRDA:64,3,1,4
BRDA:77,4,0,8
BRDA:77,4,1,0
BRDA:89,5,0,0
BRDA:89,5,1,0
BRDA:92,6,0,0
BRDA:92,6,1,0
BRDA:109,7,0,0
BRDA:109,7,1,4
BRDA:109,8,0,4
BRDA:109,8,1,4
BRDA:112,9,0,4
BRDA:112,9,1,0
BRDA:112,10,0,4
BRDA:112,10,1,4
BRDA:116,11,0,0
BRDA:116,11,1,4
BRDA:138,12,0,0
BRDA:138,12,1,4
BRDA:138,13,0,4
BRDA:138,13,1,0
BRF:26
BRH:12
end_of_record
TN:
SF:/Users/hsomani/githubProjects/zionjs/config/config.js
FNF:0
FNH:0
DA:1,1
DA:2,1
DA:3,1
DA:10,1
DA:13,1
DA:19,1
DA:20,0
DA:25,1
DA:29,1
LF:9
LH:8
BRDA:19,1,0,0
BRDA:19,1,1,1
BRF:2
BRH:1
end_of_record
TN:
SF:/Users/hsomani/githubProjects/zionjs/lib/processUtil.js
FN:7,(anonymous_1)
FNF:1
FNH:1
FNDA:3,(anonymous_1)
DA:7,1
DA:8,3
DA:9,2
DA:10,2
DA:12,1
DA:15,3
DA:16,2
DA:17,2
DA:18,1
DA:20,1
LF:10
LH:10
BRDA:8,1,0,2
BRDA:8,1,1,1
BRDA:15,2,0,2
BRDA:15,2,1,1
BRF:4
BRH:4
end_of_record
TN:
SF:/Users/hsomani/githubProjects/zionjs/middleware/errorCatcher.js
FN:13,(anonymous_1)
FN:14,topErrorHandler
FNF:2
FNH:2
FNDA:5,(anonymous_1)
FNDA:2,topErrorHandler
DA:10,1
DA:11,1
DA:13,1
DA:14,5
DA:15,2
DA:16,2
DA:17,2
DA:18,1
DA:19,1
DA:21,1
DA:22,1
DA:24,2
DA:28,0
LF:13
LH:12
BRDA:15,1,0,2
BRDA:15,1,1,0
BRDA:17,2,0,1
BRDA:17,2,1,1
BRF:4
BRH:3
end_of_record
TN:
SF:/Users/hsomani/githubProjects/zionjs/lib/logger.js
FNF:0
FNH:0
DA:3,1
DA:4,1
DA:11,1
DA:21,1
LF:4
LH:4
BRDA:7,1,0,0
BRDA:7,1,1,1
BRF:2
BRH:1
end_of_record
TN:
SF:/Users/hsomani/githubProjects/zionjs/lib/response/errors.js
FN:5,(anonymous_1)
FN:36,createConstructor
FN:37,(anonymous_3)
FN:64,(anonymous_4)
FN:77,findCodeFromName
FN:79,(anonymous_6)
FN:88,(anonymous_7)
FNF:7
FNH:5
FNDA:1,(anonymous_1)
FNDA:23,createConstructor
FNDA:11,(anonymous_3)
FNDA:23,(anonymous_4)
FNDA:0,findCodeFromName
FNDA:0,(anonymous_6)
FNDA:12,(anonymous_7)
DA:1,1
DA:3,1
DA:5,1
DA:7,1
DA:10,1
DA:36,1
DA:37,23
DA:38,11
DA:39,11
DA:40,9
DA:42,9
DA:43,9
DA:46,11
DA:47,11
DA:48,11
DA:49,11
DA:51,0
DA:53,11
DA:55,0
DA:59,23
DA:60,23
DA:62,23
DA:64,1
DA:66,23
DA:69,23
DA:74,1
DA:75,1
DA:77,1
DA:78,0
DA:79,0
DA:81,0
DA:82,0
DA:83,0
DA:86,0
DA:88,1
DA:89,12
DA:96,12
DA:97,0
DA:100,12
DA:101,12
DA:103,1
DA:105,12
DA:107,0
DA:110,12
DA:111,12
DA:112,12
DA:114,12
DA:116,12
DA:117,1
DA:118,1
DA:119,1
DA:123,11
DA:125,11
DA:126,9
DA:127,9
DA:131,0
DA:132,0
DA:133,0
DA:135,12
DA:137,1
LF:60
LH:47
BRDA:39,1,0,9
BRDA:39,1,1,2
BRDA:39,2,0,11
BRDA:39,2,1,9
BRDA:40,3,0,9
BRDA:40,3,1,0
BRDA:43,4,0,9
BRDA:43,4,1,8
BRDA:49,5,0,0
BRDA:49,5,1,11
BRDA:53,6,0,0
BRDA:53,6,1,11
BRDA:53,7,0,11
BRDA:53,7,1,0
BRDA:53,7,2,0
BRDA:81,8,0,0
BRDA:81,8,1,0
BRDA:96,9,0,0
BRDA:96,9,1,12
BRDA:100,10,0,12
BRDA:100,10,1,0
BRDA:101,11,0,1
BRDA:101,11,1,11
BRDA:105,12,0,0
BRDA:105,12,1,12
BRDA:111,13,0,12
BRDA:111,13,1,0
BRDA:117,14,0,1
BRDA:117,14,1,0
BRDA:123,15,0,11
BRDA:123,15,1,4
BRDA:125,16,0,9
BRDA:125,16,1,2
BRDA:126,17,0,0
BRDA:126,17,1,9
BRF:35
BRH:22
end_of_record
TN:
SF:/Users/hsomani/githubProjects/zionjs/lib/response/jsonformat.js
FN:5,(anonymous_1)
FNF:1
FNH:1
FNDA:12,(anonymous_1)
DA:3,1
DA:7,12
DA:8,12
DA:9,11
DA:11,12
LF:5
LH:5
BRDA:8,1,0,11
BRDA:8,1,1,1
BRF:2
BRH:2
end_of_record
TN:
SF:/Users/hsomani/githubProjects/zionjs/middleware/cleanReqUrl.js
FN:7,(anonymous_1)
FN:8,cleanReqUrl
FNF:2
FNH:2
FNDA:4,(anonymous_1)
FNDA:11,cleanReqUrl
DA:7,1
DA:8,4
DA:9,11
DA:10,11
DA:11,11
DA:12,2
DA:14,11
LF:7
LH:7
BRDA:11,1,0,2
BRDA:11,1,1,9
BRF:2
BRH:2
end_of_record
TN:
SF:/Users/hsomani/githubProjects/zionjs/middleware/requestLogger.js
FN:9,(anonymous_1)
FN:10,reqLogger
FN:14,(anonymous_3)
FNF:3
FNH:3
FNDA:4,(anonymous_1)
FNDA:11,reqLogger
FNDA:11,(anonymous_3)
DA:6,1
DA:7,1
DA:9,1
DA:10,4
DA:11,11
DA:12,11
DA:13,11
DA:14,11
DA:15,11
DA:16,11
DA:22,11
DA:26,11
LF:12
LH:12
BRDA:13,1,0,11
BRDA:13,1,1,11
BRF:2
BRH:2
end_of_record
TN:
SF:/Users/hsomani/githubProjects/zionjs/middleware/cors.js
FN:7,(anonymous_1)
FN:8,cors
FNF:2
FNH:2
FNDA:5,(anonymous_1)
FNDA:13,cors
DA:7,1
DA:8,5
DA:10,13
DA:11,13
DA:12,2
DA:13,2
DA:14,2
DA:15,2
DA:16,2
DA:17,2
DA:19,1
DA:20,1
DA:21,1
DA:25,12
LF:14
LH:14
BRDA:11,1,0,2
BRDA:11,1,1,11
BRDA:17,2,0,1
BRDA:17,2,1,1
BRF:4
BRH:4
end_of_record
TN:
SF:/Users/hsomani/githubProjects/zionjs/middleware/context.js
FN:18,getAuthParamsFromCookie
FN:30,getCompanyId
FN:38,getLocale
FN:49,getCluster
FN:57,initContextFromCookies
FN:76,initContext
FN:93,(anonymous_7)
FNF:7
FNH:7
FNDA:12,getAuthParamsFromCookie
FNDA:12,getCompanyId
FNDA:12,getLocale
FNDA:12,getCluster
FNDA:12,initContextFromCookies
FNDA:12,initContext
FNDA:5,(anonymous_7)
DA:9,1
DA:10,1
DA:18,1
DA:19,12
DA:20,12
DA:21,12
DA:22,12
DA:30,1
DA:31,12
DA:38,1
DA:39,12
DA:49,1
DA:50,12
DA:57,1
DA:58,12
DA:59,12
DA:60,12
DA:61,12
DA:62,12
DA:63,12
DA:64,12
DA:65,12
DA:66,12
DA:76,1
DA:77,12
DA:78,12
DA:79,12
DA:80,12
DA:88,12
DA:90,12
DA:93,1
DA:94,5
LF:32
LH:32
BRDA:50,1,0,12
BRDA:50,1,1,7
BRDA:61,2,0,12
BRDA:61,2,1,0
BRDA:79,3,0,12
BRDA:79,3,1,0
BRDA:82,4,0,12
BRDA:82,4,1,7
BRDA:84,5,0,12
BRDA:84,5,1,12
BRDA:85,6,0,12
BRDA:85,6,1,7
BRF:12
BRH:10
end_of_record
TN:
SF:/Users/hsomani/githubProjects/zionjs/lib/cookieUtil.js
FN:14,getCookieVal
FN:32,getQBOCookieVal
FN:43,getTopQBOCookieVal
FN:53,(anonymous_4)
FN:72,serializeCookies
FN:74,(anonymous_6)
FNF:6
FNH:4
FNDA:55,getCookieVal
FNDA:36,getQBOCookieVal
FNDA:15,getTopQBOCookieVal
FNDA:30,(anonymous_4)
FNDA:0,serializeCookies
FNDA:0,(anonymous_6)
DA:5,1
DA:14,1
DA:15,55
DA:16,55
DA:17,55
DA:19,0
DA:21,0
DA:32,1
DA:33,36
DA:34,36
DA:43,1
DA:44,15
DA:45,15
DA:46,15
DA:48,15
DA:49,6
DA:51,9
DA:53,6
DA:54,30
DA:55,30
DA:57,18
DA:58,18
DA:59,18
DA:63,6
DA:72,1
DA:73,0
DA:74,0
DA:75,0
DA:77,0
LF:29
LH:23
BRDA:16,1,0,55
BRDA:16,1,1,0
BRDA:48,2,0,6
BRDA:48,2,1,9
BRDA:55,3,0,18
BRDA:55,3,1,12
BRDA:58,4,0,18
BRDA:58,4,1,0
BRF:8
BRH:6
end_of_record
TN:
SF:/Users/hsomani/githubProjects/zionjs/middleware/resInvalidRoute.js
FN:13,(anonymous_1)
FN:14,respondInvalidRouteJson
FNF:2
FNH:1
FNDA:4,(anonymous_1)
FNDA:0,respondInvalidRouteJson
DA:10,1
DA:11,1
DA:13,1
DA:14,4
DA:15,0
DA:16,0
DA:17,0
LF:7
LH:4
BRF:0
BRH:0
end_of_record
TN:
SF:/Users/hsomani/githubProjects/zionjs/lib/shutdown.js
FN:5,shutdown
FN:6,shutdown
FN:8,(anonymous_3)
FN:13,(anonymous_4)
FNF:4
FNH:4
FNDA:9,shutdown
FNDA:1,shutdown
FNDA:1,(anonymous_3)
FNDA:1,(anonymous_4)
DA:5,1
DA:6,9
DA:7,1
DA:8,1
DA:9,1
DA:10,1
DA:13,1
DA:14,1
DA:15,1
LF:9
LH:9
BRF:0
BRH:0
end_of_record
TN:
SF:/Users/hsomani/githubProjects/zionjs/lib/route/RouteCreater.js
FN:17,controllerBaseDir
FN:30,createRoute
FN:58,RouteCreater
FN:68,(anonymous_4)
FN:70,(anonymous_5)
FNF:5
FNH:5
FNDA:8,controllerBaseDir
FNDA:8,createRoute
FNDA:4,RouteCreater
FNDA:12,(anonymous_4)
FNDA:28,(anonymous_5)
DA:3,1
DA:4,1
DA:5,1
DA:7,1
DA:9,1
DA:10,1
DA:17,1
DA:18,8
DA:19,8
DA:30,1
DA:31,8
DA:33,8
DA:36,8
DA:37,8
DA:39,8
DA:40,8
DA:42,8
DA:43,8
DA:48,8
DA:58,1
DA:59,4
DA:60,4
DA:61,4
DA:62,4
DA:63,4
DA:64,4
DA:66,0
DA:68,4
DA:69,12
DA:70,12
DA:71,28
DA:73,20
DA:76,12
DA:77,8
DA:81,4
LF:35
LH:34
BRDA:18,1,0,8
BRDA:18,1,1,0
BRDA:33,2,0,8
BRDA:33,2,1,0
BRDA:36,3,0,8
BRDA:36,3,1,0
BRDA:39,4,0,8
BRDA:39,4,1,0
BRDA:42,5,0,8
BRDA:42,5,1,0
BRDA:71,6,0,20
BRDA:71,6,1,8
BRDA:76,7,0,8
BRDA:76,7,1,4
BRF:14
BRH:9
end_of_record
TN:
SF:/Users/hsomani/githubProjects/zionjs/lib/route/RouteBootstrap.js
FN:12,RouteBootstrap
FN:17,(anonymous_2)
FNF:2
FNH:2
FNDA:11,RouteBootstrap
FNDA:12,(anonymous_2)
DA:3,1
DA:4,1
DA:12,1
DA:14,11
DA:15,11
DA:17,11
DA:18,12
DA:20,1
DA:22,1
DA:24,11
DA:25,9
DA:27,9
DA:30,9
DA:32,2
DA:35,11
LF:15
LH:15
BRDA:18,1,0,1
BRDA:18,1,1,11
BRDA:20,2,0,1
BRDA:20,2,1,0
BRDA:20,3,0,1
BRDA:20,3,1,1
BRDA:24,4,0,9
BRDA:24,4,1,2
BRDA:24,5,0,11
BRDA:24,5,1,9
BRF:10
BRH:9
end_of_record
TN:
SF:/Users/hsomani/githubProjects/zionjs/middleware/securityValidation.js
FN:19,(anonymous_1)
FN:21,getCrsfToken
FN:25,getIAMStr
FN:30,(anonymous_4)
FN:34,(anonymous_5)
FN:53,(anonymous_6)
FN:57,(anonymous_7)
FNF:7
FNH:7
FNDA:1,(anonymous_1)
FNDA:14,getCrsfToken
FNDA:4,getIAMStr
FNDA:15,(anonymous_4)
FNDA:148,(anonymous_5)
FNDA:10,(anonymous_6)
FNDA:9,(anonymous_7)
DA:10,1
DA:11,1
DA:12,1
DA:13,1
DA:14,1
DA:15,1
DA:16,1
DA:19,1
DA:20,1
DA:21,1
DA:22,14
DA:25,1
DA:26,4
DA:29,1
DA:31,15
DA:32,15
DA:34,15
DA:35,148
DA:36,148
DA:38,15
DA:39,15
DA:40,4
DA:41,3
DA:42,3
DA:43,3
DA:45,1
DA:49,11
DA:54,10
DA:55,10
DA:58,9
DA:59,8
LF:31
LH:31
BRDA:22,1,0,12
BRDA:22,1,1,2
BRDA:26,2,0,2
BRDA:26,2,1,2
BRDA:35,3,0,68
BRDA:35,3,1,80
BRDA:38,4,0,15
BRDA:38,4,1,12
BRDA:38,4,2,1
BRDA:39,5,0,4
BRDA:39,5,1,11
BRDA:39,6,0,15
BRDA:39,6,1,14
BRDA:39,6,2,9
BRDA:39,6,3,4
BRDA:40,7,0,3
BRDA:40,7,1,1
BRDA:58,8,0,8
BRDA:58,8,1,1
BRF:19
BRH:19
end_of_record
TN:
SF:/Users/hsomani/githubProjects/zionjs/lib/securityUtil.js
FN:12,escapeString
FN:24,unescapeString
FN:37,isCrsfTokenValid
FN:52,isIAMValid
FN:61,(anonymous_5)
FNF:5
FNH:5
FNDA:1,escapeString
FNDA:11,unescapeString
FNDA:15,isCrsfTokenValid
FNDA:7,isIAMValid
FNDA:7,(anonymous_5)
DA:12,1
DA:13,1
DA:14,0
DA:16,1
DA:24,1
DA:25,11
DA:26,9
DA:28,2
DA:37,1
DA:38,15
DA:39,8
DA:41,7
DA:42,1
DA:44,6
DA:52,1
DA:54,7
DA:55,7
DA:56,7
DA:59,7
DA:60,4
DA:61,4
DA:62,7
DA:63,7
DA:64,7
DA:67,4
DA:68,1
DA:72,7
LF:27
LH:26
BRDA:13,1,0,0
BRDA:13,1,1,1
BRDA:13,2,0,1
BRDA:13,2,1,1
BRDA:25,3,0,9
BRDA:25,3,1,2
BRDA:25,4,0,11
BRDA:25,4,1,11
BRDA:38,5,0,8
BRDA:38,5,1,7
BRDA:41,6,0,1
BRDA:41,6,1,6
BRDA:41,7,0,7
BRDA:41,7,1,7
BRDA:41,7,2,6
BRDA:59,8,0,4
BRDA:59,8,1,3
BRDA:59,9,0,7
BRDA:59,9,1,5
BRDA:59,9,2,4
BRDA:63,10,0,7
BRDA:63,10,1,0
BRDA:67,11,0,1
BRDA:67,11,1,3
BRDA:67,12,0,4
BRDA:67,12,1,1
BRF:26
BRH:24
end_of_record
TN:
SF:/Users/hsomani/githubProjects/zionjs/lib/response/ZionException.js
FNF:0
FNH:0
DA:3,1
LF:1
LH:1
BRF:0
BRH:0
end_of_record
TN:
SF:/Users/hsomani/githubProjects/zionjs/lib/route/RouteParser.js
FN:14,createRouteDupHandler
FN:15,(anonymous_2)
FN:27,routeExist
FN:36,genCRUD
FN:103,RouteParser
FN:113,(anonymous_6)
FN:155,(anonymous_7)
FNF:7
FNH:6
FNDA:5,createRouteDupHandler
FNDA:0,(anonymous_2)
FNDA:41,routeExist
FNDA:3,genCRUD
FNDA:12,RouteParser
FNDA:40,(anonymous_6)
FNDA:36,(anonymous_7)
DA:3,1
DA:4,1
DA:5,1
DA:6,1
DA:14,1
DA:15,5
DA:16,0
DA:27,1
DA:28,41
DA:36,1
DA:38,3
DA:40,3
DA:42,3
DA:43,3
DA:44,3
DA:46,3
DA:47,2
DA:48,2
DA:50,1
DA:52,1
DA:53,1
DA:56,1
DA:58,3
DA:59,2
DA:60,2
DA:62,1
DA:64,1
DA:65,1
DA:68,1
DA:70,3
DA:71,2
DA:72,2
DA:74,1
DA:76,1
DA:77,1
DA:80,1
DA:82,3
DA:83,2
DA:84,2
DA:86,1
DA:88,1
DA:89,1
DA:92,1
DA:103,1
DA:104,12
DA:105,12
DA:106,12
DA:107,12
DA:108,12
DA:110,12
DA:111,12
DA:112,12
DA:113,12
DA:114,40
DA:115,40
DA:116,40
DA:117,40
DA:118,39
DA:120,1
DA:122,40
DA:124,2
DA:125,2
DA:127,38
DA:128,33
DA:129,33
DA:131,1
DA:133,33
DA:134,33
DA:136,32
DA:138,1
DA:139,1
DA:142,5
DA:143,4
DA:144,3
DA:145,3
DA:147,1
DA:150,1
DA:155,12
DA:156,36
DA:157,36
DA:160,12
DA:161,12
LF:82
LH:81
BRDA:28,1,0,41
BRDA:28,1,1,5
BRDA:43,2,0,3
BRDA:43,2,1,0
BRDA:46,3,0,2
BRDA:46,3,1,1
BRDA:48,4,0,1
BRDA:48,4,1,1
BRDA:58,5,0,2
BRDA:58,5,1,1
BRDA:60,6,0,1
BRDA:60,6,1,1
BRDA:70,7,0,2
BRDA:70,7,1,1
BRDA:72,8,0,1
BRDA:72,8,1,1
BRDA:82,9,0,2
BRDA:82,9,1,1
BRDA:84,10,0,1
BRDA:84,10,1,1
BRDA:112,11,0,12
BRDA:112,11,1,0
BRDA:117,12,0,39
BRDA:117,12,1,1
BRDA:117,13,0,40
BRDA:117,13,1,39
BRDA:122,14,0,2
BRDA:122,14,1,38
BRDA:127,15,0,33
BRDA:127,15,1,5
BRDA:129,16,0,1
BRDA:129,16,1,32
BRDA:133,17,0,33
BRDA:133,17,1,21
BRDA:134,18,0,32
BRDA:134,18,1,1
BRDA:142,19,0,4
BRDA:142,19,1,1
BRDA:143,20,0,3
BRDA:143,20,1,1
BRF:40
BRH:38
end_of_record
TN:
SF:/Users/hsomani/githubProjects/zionjs/lib/route/routeUtil.js
FN:15,throwRouteErr
FN:27,traverse
FN:36,(anonymous_3)
FN:52,isFileModule
FN:78,endsWith
FN:88,removeSuffix
FN:98,createFileHandler
FN:100,handler
FNF:8
FNH:7
FNDA:0,throwRouteErr
FNDA:88,traverse
FNDA:76,(anonymous_3)
FNDA:52,isFileModule
FNDA:55,endsWith
FNDA:55,removeSuffix
FNDA:12,createFileHandler
FNDA:52,handler
DA:6,1
DA:7,1
DA:8,1
DA:9,1
DA:10,1
DA:15,1
DA:16,0
DA:17,0
DA:27,1
DA:28,88
DA:29,88
DA:31,88
DA:32,88
DA:34,88
DA:35,36
DA:36,36
DA:37,76
DA:41,88
DA:42,52
DA:52,1
DA:53,52
DA:58,52
DA:59,0
DA:62,52
DA:65,52
DA:66,52
DA:67,52
DA:69,0
DA:78,1
DA:79,55
DA:88,1
DA:89,55
DA:98,1
DA:99,12
DA:100,12
DA:101,52
DA:104,52
DA:105,52
DA:106,52
DA:107,52
DA:108,52
DA:110,0
DA:112,52
DA:113,52
LF:44
LH:39
BRDA:34,1,0,36
BRDA:34,1,1,52
BRDA:35,2,0,12
BRDA:35,2,1,24
BRDA:41,3,0,52
BRDA:41,3,1,36
BRDA:58,4,0,0
BRDA:58,4,1,52
BRDA:65,5,0,52
BRDA:65,5,1,0
BRDA:89,6,0,55
BRDA:89,6,1,0
BRDA:108,7,0,0
BRDA:108,7,1,52
BRDA:108,8,0,52
BRDA:108,8,1,52
BRDA:112,9,0,52
BRDA:112,9,1,0
BRF:18
BRH:13
end_of_record
TN:
SF:/Users/hsomani/githubProjects/zionjs/lib/response/ResponseUtil.js
FN:16,respond
FN:19,(anonymous_2)
FN:21,(anonymous_3)
FN:24,(anonymous_4)
FN:35,respondView
FN:37,(anonymous_6)
FN:46,(anonymous_7)
FN:49,(anonymous_8)
FNF:8
FNH:6
FNDA:4,respond
FNDA:2,(anonymous_2)
FNDA:1,(anonymous_3)
FNDA:0,(anonymous_4)
FNDA:5,respondView
FNDA:1,(anonymous_6)
FNDA:1,(anonymous_7)
FNDA:0,(anonymous_8)
DA:6,1
DA:7,1
DA:8,1
DA:9,1
DA:10,1
DA:16,1
DA:17,4
DA:18,4
DA:19,3
DA:20,2
DA:22,1
DA:23,1
DA:25,0
DA:26,0
DA:29,1
DA:30,1
DA:31,1
DA:35,1
DA:36,5
DA:37,2
DA:38,1
DA:39,1
DA:43,0
DA:44,0
DA:47,1
DA:48,1
DA:50,0
DA:51,0
DA:54,3
DA:55,3
DA:56,2
DA:58,1
DA:61,0
LF:33
LH:26
BRDA:18,1,0,3
BRDA:18,1,1,1
BRDA:18,2,0,4
BRDA:18,2,1,4
BRDA:36,3,0,2
BRDA:36,3,1,3
BRDA:36,4,0,5
BRDA:36,4,1,5
BRDA:38,5,0,1
BRDA:38,5,1,0
BRDA:54,6,0,3
BRDA:54,6,1,0
BRDA:55,7,0,2
BRDA:55,7,1,1
BRF:14
BRH:12
end_of_record
TN:
SF:/Users/hsomani/githubProjects/zionjs/lib/HeaderUtil.js
FN:14,parseRangeReqHeader
FN:37,setRangeResHeader
FNF:2
FNH:2
FNDA:2,parseRangeReqHeader
FNDA:1,setRangeResHeader
DA:14,1
DA:15,2
DA:17,2
DA:18,1
DA:19,1
DA:20,1
DA:21,1
DA:22,1
DA:23,1
DA:24,1
DA:26,1
DA:37,1
DA:38,1
DA:39,1
DA:40,1
DA:41,1
LF:16
LH:16
BRDA:17,1,0,1
BRDA:17,1,1,1
BRDA:39,2,0,1
BRDA:39,2,1,0
BRF:4
BRH:3
end_of_record
